# JRE version: Java(TM) SE Runtime Environment (8.0_121-b13) (build 1.8.0_121-b13)
# Java VM: Java HotSpot(TM) 64-Bit Server VM (25.121-b13 mixed mode linux-amd64 compressed oops)
Heap:
 PSYoungGen      total 2597888K, used 115364K [0x0000000715580000, 0x00000007bf800000, 0x00000007c0000000)
  eden space 2412032K, 0% used [0x0000000715580000,0x0000000715580000,0x00000007a8900000)
  from space 185856K, 62% used [0x00000007b4280000,0x00000007bb329340,0x00000007bf800000)
  to   space 187904K, 0% used [0x00000007a8900000,0x00000007a8900000,0x00000007b4080000)
 ParOldGen       total 3766784K, used 3766341K [0x00000005c0000000, 0x00000006a5e80000, 0x0000000715580000)
  object space 3766784K, 99% used [0x00000005c0000000,0x00000006a5e116a0,0x00000006a5e80000)
 Metaspace       used 64597K, capacity 65448K, committed 65536K, reserved 1105920K
  class space    used 9201K, capacity 9396K, committed 9472K, reserved 1048576K
GC Heap History (10 events):
Event: 1920,139 GC heap after
Heap after GC invocations=478 (full 14):
 PSYoungGen      total 2595328K, used 134503K [0x0000000715580000, 0x00000007bf780000, 0x00000007c0000000)
  eden space 2401280K, 0% used [0x0000000715580000,0x0000000715580000,0x00000007a7e80000)
  from space 194048K, 69% used [0x00000007b3a00000,0x00000007bbd59cf8,0x00000007bf780000)
  to   space 192000K, 0% used [0x00000007a7e80000,0x00000007a7e80000,0x00000007b3a00000)
 ParOldGen       total 3766784K, used 3716007K [0x00000005c0000000, 0x00000006a5e80000, 0x0000000715580000)
  object space 3766784K, 98% used [0x00000005c0000000,0x00000006a2ce9ee0,0x00000006a5e80000)
 Metaspace       used 64597K, capacity 65448K, committed 65536K, reserved 1105920K
  class space    used 9201K, capacity 9396K, committed 9472K, reserved 1048576K
}
Event: 1924,147 GC heap before
{Heap before GC invocations=479 (full 14):
 PSYoungGen      total 2595328K, used 2535783K [0x0000000715580000, 0x00000007bf780000, 0x00000007c0000000)
  eden space 2401280K, 100% used [0x0000000715580000,0x00000007a7e80000,0x00000007a7e80000)
  from space 194048K, 69% used [0x00000007b3a00000,0x00000007bbd59cf8,0x00000007bf780000)
  to   space 192000K, 0% used [0x00000007a7e80000,0x00000007a7e80000,0x00000007b3a00000)
 ParOldGen       total 3766784K, used 3716007K [0x00000005c0000000, 0x00000006a5e80000, 0x0000000715580000)
  object space 3766784K, 98% used [0x00000005c0000000,0x00000006a2ce9ee0,0x00000006a5e80000)
 Metaspace       used 64597K, capacity 65448K, committed 65536K, reserved 1105920K
  class space    used 9201K, capacity 9396K, committed 9472K, reserved 1048576K
Event: 1924,303 GC heap after
Heap after GC invocations=479 (full 14):
 PSYoungGen      total 2593280K, used 151404K [0x0000000715580000, 0x00000007c0000000, 0x00000007c0000000)
  eden space 2401280K, 0% used [0x0000000715580000,0x0000000715580000,0x00000007a7e80000)
  from space 192000K, 78% used [0x00000007a7e80000,0x00000007b125b2b8,0x00000007b3a00000)
  to   space 195072K, 0% used [0x00000007b4180000,0x00000007b4180000,0x00000007c0000000)
 ParOldGen       total 3766784K, used 3725107K [0x00000005c0000000, 0x00000006a5e80000, 0x0000000715580000)
  object space 3766784K, 98% used [0x00000005c0000000,0x00000006a35ccfe0,0x00000006a5e80000)
 Metaspace       used 64597K, capacity 65448K, committed 65536K, reserved 1105920K
  class space    used 9201K, capacity 9396K, committed 9472K, reserved 1048576K
}
Event: 1928,509 GC heap before
{Heap before GC invocations=480 (full 14):
 PSYoungGen      total 2593280K, used 2552684K [0x0000000715580000, 0x00000007c0000000, 0x00000007c0000000)
  eden space 2401280K, 100% used [0x0000000715580000,0x00000007a7e80000,0x00000007a7e80000)
  from space 192000K, 78% used [0x00000007a7e80000,0x00000007b125b2b8,0x00000007b3a00000)
  to   space 195072K, 0% used [0x00000007b4180000,0x00000007b4180000,0x00000007c0000000)
 ParOldGen       total 3766784K, used 3725107K [0x00000005c0000000, 0x00000006a5e80000, 0x0000000715580000)
  object space 3766784K, 98% used [0x00000005c0000000,0x00000006a35ccfe0,0x00000006a5e80000)
 Metaspace       used 64597K, capacity 65448K, committed 65536K, reserved 1105920K
  class space    used 9201K, capacity 9396K, committed 9472K, reserved 1048576K
Event: 1928,660 GC heap after
Heap after GC invocations=480 (full 14):
 PSYoungGen      total 2601472K, used 138322K [0x0000000715580000, 0x00000007bfe00000, 0x00000007c0000000)
  eden space 2408448K, 0% used [0x0000000715580000,0x0000000715580000,0x00000007a8580000)
  from space 193024K, 71% used [0x00000007b4180000,0x00000007bc894b50,0x00000007bfe00000)
  to   space 192512K, 0% used [0x00000007a8580000,0x00000007a8580000,0x00000007b4180000)
 ParOldGen       total 3766784K, used 3734051K [0x00000005c0000000, 0x00000006a5e80000, 0x0000000715580000)
  object space 3766784K, 99% used [0x00000005c0000000,0x00000006a3e88f50,0x00000006a5e80000)
 Metaspace       used 64597K, capacity 65448K, committed 65536K, reserved 1105920K
  class space    used 9201K, capacity 9396K, committed 9472K, reserved 1048576K
}
Event: 1932,767 GC heap before
{Heap before GC invocations=481 (full 14):
 PSYoungGen      total 2601472K, used 2546770K [0x0000000715580000, 0x00000007bfe00000, 0x00000007c0000000)
  eden space 2408448K, 100% used [0x0000000715580000,0x00000007a8580000,0x00000007a8580000)
  from space 193024K, 71% used [0x00000007b4180000,0x00000007bc894b50,0x00000007bfe00000)
  to   space 192512K, 0% used [0x00000007a8580000,0x00000007a8580000,0x00000007b4180000)
 ParOldGen       total 3766784K, used 3734051K [0x00000005c0000000, 0x00000006a5e80000, 0x0000000715580000)
  object space 3766784K, 99% used [0x00000005c0000000,0x00000006a3e88f50,0x00000006a5e80000)
 Metaspace       used 64597K, capacity 65448K, committed 65536K, reserved 1105920K
  class space    used 9201K, capacity 9396K, committed 9472K, reserved 1048576K
Event: 1932,923 GC heap after
Heap after GC invocations=481 (full 14):
 PSYoungGen      total 2600960K, used 142680K [0x0000000715580000, 0x00000007bfd80000, 0x00000007c0000000)
  eden space 2408448K, 0% used [0x0000000715580000,0x0000000715580000,0x00000007a8580000)
  from space 192512K, 74% used [0x00000007a8580000,0x00000007b10d62b8,0x00000007b4180000)
  to   space 191488K, 0% used [0x00000007b4280000,0x00000007b4280000,0x00000007bfd80000)
 ParOldGen       total 3766784K, used 3742738K [0x00000005c0000000, 0x00000006a5e80000, 0x0000000715580000)
  object space 3766784K, 99% used [0x00000005c0000000,0x00000006a4704868,0x00000006a5e80000)
 Metaspace       used 64597K, capacity 65448K, committed 65536K, reserved 1105920K
  class space    used 9201K, capacity 9396K, committed 9472K, reserved 1048576K
}
Event: 1937,023 GC heap before
{Heap before GC invocations=482 (full 14):
 PSYoungGen      total 2600960K, used 2551128K [0x0000000715580000, 0x00000007bfd80000, 0x00000007c0000000)
  eden space 2408448K, 100% used [0x0000000715580000,0x00000007a8580000,0x00000007a8580000)
  from space 192512K, 74% used [0x00000007a8580000,0x00000007b10d62b8,0x00000007b4180000)
  to   space 191488K, 0% used [0x00000007b4280000,0x00000007b4280000,0x00000007bfd80000)
 ParOldGen       total 3766784K, used 3742738K [0x00000005c0000000, 0x00000006a5e80000, 0x0000000715580000)
  object space 3766784K, 99% used [0x00000005c0000000,0x00000006a4704868,0x00000006a5e80000)
 Metaspace       used 64597K, capacity 65448K, committed 65536K, reserved 1105920K
  class space    used 9201K, capacity 9396K, committed 9472K, reserved 1048576K
Event: 1937,170 GC heap after
Heap after GC invocations=482 (full 14):
 PSYoungGen      total 2597888K, used 137261K [0x0000000715580000, 0x00000007bf800000, 0x00000007c0000000)
  eden space 2412032K, 0% used [0x0000000715580000,0x0000000715580000,0x00000007a8900000)
  from space 185856K, 73% used [0x00000007b4280000,0x00000007bc88b7e0,0x00000007bf800000)
  to   space 187904K, 0% used [0x00000007a8900000,0x00000007a8900000,0x00000007b4080000)
 ParOldGen       total 3766784K, used 3751242K [0x00000005c0000000, 0x00000006a5e80000, 0x0000000715580000)
  object space 3766784K, 99% used [0x00000005c0000000,0x00000006a4f52a98,0x00000006a5e80000)
 Metaspace       used 64597K, capacity 65448K, committed 65536K, reserved 1105920K
  class space    used 9201K, capacity 9396K, committed 9472K, reserved 1048576K
}
Event: 1937,170 GC heap before
{Heap before GC invocations=483 (full 15):
 PSYoungGen      total 2597888K, used 137261K [0x0000000715580000, 0x00000007bf800000, 0x00000007c0000000)
  eden space 2412032K, 0% used [0x0000000715580000,0x0000000715580000,0x00000007a8900000)
  from space 185856K, 73% used [0x00000007b4280000,0x00000007bc88b7e0,0x00000007bf800000)
  to   space 187904K, 0% used [0x00000007a8900000,0x00000007a8900000,0x00000007b4080000)
 ParOldGen       total 3766784K, used 3751242K [0x00000005c0000000, 0x00000006a5e80000, 0x0000000715580000)
  object space 3766784K, 99% used [0x00000005c0000000,0x00000006a4f52a98,0x00000006a5e80000)
 Metaspace       used 64597K, capacity 65448K, committed 65536K, reserved 1105920K
  class space    used 9201K, capacity 9396K, committed 9472K, reserved 1048576K

