# JRE version: Java(TM) SE Runtime Environment (8.0_121-b13) (build 1.8.0_121-b13)
# Java VM: Java HotSpot(TM) 64-Bit Server VM (25.121-b13 mixed mode linux-amd64 compressed oops)
Heap:
 PSYoungGen      total 2552832K, used 0K [0x0000000715580000, 0x00000007c0000000, 0x00000007c0000000)
  eden space 2319872K, 0% used [0x0000000715580000,0x0000000715580000,0x00000007a2f00000)
  from space 232960K, 0% used [0x00000007a2f00000,0x00000007a2f00000,0x00000007b1280000)
  to   space 238592K, 33% used [0x00000007b1700000,0x00000007b64f6088,0x00000007c0000000)
 ParOldGen       total 1187840K, used 1187682K [0x00000005c0000000, 0x0000000608800000, 0x0000000715580000)
  object space 1187840K, 99% used [0x00000005c0000000,0x00000006087d89b8,0x0000000608800000)
 Metaspace       used 80922K, capacity 82034K, committed 82432K, reserved 1120256K
  class space    used 11152K, capacity 11416K, committed 11520K, reserved 1048576K
GC Heap History (10 events):
Event: 676,572 GC heap after
Heap after GC invocations=148 (full 8):
 PSYoungGen      total 2543616K, used 192408K [0x0000000715580000, 0x00000007bf900000, 0x00000007c0000000)
  eden space 2309632K, 0% used [0x0000000715580000,0x0000000715580000,0x00000007a2500000)
  from space 233984K, 82% used [0x00000007b1480000,0x00000007bd066260,0x00000007bf900000)
  to   space 239616K, 0% used [0x00000007a2500000,0x00000007a2500000,0x00000007b0f00000)
 ParOldGen       total 1122304K, used 983282K [0x00000005c0000000, 0x0000000604800000, 0x0000000715580000)
  object space 1122304K, 87% used [0x00000005c0000000,0x00000005fc03c8a8,0x0000000604800000)
 Metaspace       used 75397K, capacity 76410K, committed 76672K, reserved 1116160K
  class space    used 10402K, capacity 10617K, committed 10624K, reserved 1048576K
}
Event: 699,602 GC heap before
{Heap before GC invocations=149 (full 8):
 PSYoungGen      total 2543616K, used 2502040K [0x0000000715580000, 0x00000007bf900000, 0x00000007c0000000)
  eden space 2309632K, 100% used [0x0000000715580000,0x00000007a2500000,0x00000007a2500000)
  from space 233984K, 82% used [0x00000007b1480000,0x00000007bd066260,0x00000007bf900000)
  to   space 239616K, 0% used [0x00000007a2500000,0x00000007a2500000,0x00000007b0f00000)
 ParOldGen       total 1122304K, used 983282K [0x00000005c0000000, 0x0000000604800000, 0x0000000715580000)
  object space 1122304K, 87% used [0x00000005c0000000,0x00000005fc03c8a8,0x0000000604800000)
 Metaspace       used 75397K, capacity 76410K, committed 76672K, reserved 1116160K
  class space    used 10402K, capacity 10617K, committed 10624K, reserved 1048576K
Event: 699,673 GC heap after
Heap after GC invocations=149 (full 8):
 PSYoungGen      total 2549248K, used 163248K [0x0000000715580000, 0x00000007bff80000, 0x00000007c0000000)
  eden space 2309632K, 0% used [0x0000000715580000,0x0000000715580000,0x00000007a2500000)
  from space 239616K, 68% used [0x00000007a2500000,0x00000007ac46c1f8,0x00000007b0f00000)
  to   space 236544K, 0% used [0x00000007b1880000,0x00000007b1880000,0x00000007bff80000)
 ParOldGen       total 1122304K, used 987683K [0x00000005c0000000, 0x0000000604800000, 0x0000000715580000)
  object space 1122304K, 88% used [0x00000005c0000000,0x00000005fc488d40,0x0000000604800000)
 Metaspace       used 75397K, capacity 76410K, committed 76672K, reserved 1116160K
  class space    used 10402K, capacity 10617K, committed 10624K, reserved 1048576K
}
Event: 722,204 GC heap before
{Heap before GC invocations=150 (full 8):
 PSYoungGen      total 2549248K, used 2472880K [0x0000000715580000, 0x00000007bff80000, 0x00000007c0000000)
  eden space 2309632K, 100% used [0x0000000715580000,0x00000007a2500000,0x00000007a2500000)
  from space 239616K, 68% used [0x00000007a2500000,0x00000007ac46c1f8,0x00000007b0f00000)
  to   space 236544K, 0% used [0x00000007b1880000,0x00000007b1880000,0x00000007bff80000)
 ParOldGen       total 1122304K, used 987683K [0x00000005c0000000, 0x0000000604800000, 0x0000000715580000)
  object space 1122304K, 88% used [0x00000005c0000000,0x00000005fc488d40,0x0000000604800000)
 Metaspace       used 75411K, capacity 76410K, committed 76672K, reserved 1116160K
  class space    used 10402K, capacity 10617K, committed 10624K, reserved 1048576K
Event: 722,265 GC heap after
Heap after GC invocations=150 (full 8):
 PSYoungGen      total 2546688K, used 183670K [0x0000000715580000, 0x00000007bf600000, 0x00000007c0000000)
  eden space 2319872K, 0% used [0x0000000715580000,0x0000000715580000,0x00000007a2f00000)
  from space 226816K, 80% used [0x00000007b1880000,0x00000007bcbdd9b0,0x00000007bf600000)
  to   space 232960K, 0% used [0x00000007a2f00000,0x00000007a2f00000,0x00000007b1280000)
 ParOldGen       total 1122304K, used 992095K [0x00000005c0000000, 0x0000000604800000, 0x0000000715580000)
  object space 1122304K, 88% used [0x00000005c0000000,0x00000005fc8d7c10,0x0000000604800000)
 Metaspace       used 75411K, capacity 76410K, committed 76672K, reserved 1116160K
  class space    used 10402K, capacity 10617K, committed 10624K, reserved 1048576K
}
Event: 745,094 GC heap before
{Heap before GC invocations=151 (full 8):
 PSYoungGen      total 2546688K, used 2503542K [0x0000000715580000, 0x00000007bf600000, 0x00000007c0000000)
  eden space 2319872K, 100% used [0x0000000715580000,0x00000007a2f00000,0x00000007a2f00000)
  from space 226816K, 80% used [0x00000007b1880000,0x00000007bcbdd9b0,0x00000007bf600000)
  to   space 232960K, 0% used [0x00000007a2f00000,0x00000007a2f00000,0x00000007b1280000)
 ParOldGen       total 1122304K, used 992095K [0x00000005c0000000, 0x0000000604800000, 0x0000000715580000)
  object space 1122304K, 88% used [0x00000005c0000000,0x00000005fc8d7c10,0x0000000604800000)
 Metaspace       used 75418K, capacity 76474K, committed 76672K, reserved 1116160K
  class space    used 10402K, capacity 10617K, committed 10624K, reserved 1048576K
Event: 745,164 GC heap after
Heap after GC invocations=151 (full 8):
 PSYoungGen      total 2552832K, used 113144K [0x0000000715580000, 0x00000007c0000000, 0x00000007c0000000)
  eden space 2319872K, 0% used [0x0000000715580000,0x0000000715580000,0x00000007a2f00000)
  from space 232960K, 48% used [0x00000007a2f00000,0x00000007a9d7e020,0x00000007b1280000)
  to   space 238592K, 0% used [0x00000007b1700000,0x00000007b1700000,0x00000007c0000000)
 ParOldGen       total 1122304K, used 1038005K [0x00000005c0000000, 0x0000000604800000, 0x0000000715580000)
  object space 1122304K, 92% used [0x00000005c0000000,0x00000005ff5ad680,0x0000000604800000)
 Metaspace       used 75418K, capacity 76474K, committed 76672K, reserved 1116160K
  class space    used 10402K, capacity 10617K, committed 10624K, reserved 1048576K
}
Event: 755,283 GC heap before
{Heap before GC invocations=152 (full 8):
 PSYoungGen      total 2552832K, used 2433016K [0x0000000715580000, 0x00000007c0000000, 0x00000007c0000000)
  eden space 2319872K, 100% used [0x0000000715580000,0x00000007a2f00000,0x00000007a2f00000)
  from space 232960K, 48% used [0x00000007a2f00000,0x00000007a9d7e020,0x00000007b1280000)
  to   space 238592K, 0% used [0x00000007b1700000,0x00000007b1700000,0x00000007c0000000)
 ParOldGen       total 1122304K, used 1038005K [0x00000005c0000000, 0x0000000604800000, 0x0000000715580000)
  object space 1122304K, 92% used [0x00000005c0000000,0x00000005ff5ad680,0x0000000604800000)
 Metaspace       used 80950K, capacity 82082K, committed 82432K, reserved 1120256K
  class space    used 11156K, capacity 11424K, committed 11520K, reserved 1048576K
Event: 756,212 GC heap after
Heap after GC invocations=152 (full 8):
 PSYoungGen      total 2552832K, used 2433016K [0x0000000715580000, 0x00000007c0000000, 0x00000007c0000000)
  eden space 2319872K, 100% used [0x0000000715580000,0x00000007a2f00000,0x00000007a2f00000)
  from space 232960K, 48% used [0x00000007a2f00000,0x00000007a9d7e020,0x00000007b1280000)
  to   space 238592K, 99% used [0x00000007b1700000,0x00000007bfffd520,0x00000007c0000000)
 ParOldGen       total 1187840K, used 1187792K [0x00000005c0000000, 0x0000000608800000, 0x0000000715580000)
  object space 1187840K, 99% used [0x00000005c0000000,0x00000006087f4360,0x0000000608800000)
 Metaspace       used 80950K, capacity 82082K, committed 82432K, reserved 1120256K
  class space    used 11156K, capacity 11424K, committed 11520K, reserved 1048576K
}
Event: 756,214 GC heap before
{Heap before GC invocations=153 (full 9):
 PSYoungGen      total 2552832K, used 2433016K [0x0000000715580000, 0x00000007c0000000, 0x00000007c0000000)
  eden space 2319872K, 100% used [0x0000000715580000,0x00000007a2f00000,0x00000007a2f00000)
  from space 232960K, 48% used [0x00000007a2f00000,0x00000007a9d7e020,0x00000007b1280000)
  to   space 238592K, 99% used [0x00000007b1700000,0x00000007bfffd520,0x00000007c0000000)
 ParOldGen       total 1187840K, used 1187792K [0x00000005c0000000, 0x0000000608800000, 0x0000000715580000)
  object space 1187840K, 99% used [0x00000005c0000000,0x00000006087f4360,0x0000000608800000)
 Metaspace       used 80950K, capacity 82082K, committed 82432K, reserved 1120256K
  class space    used 11156K, capacity 11424K, committed 11520K, reserved 1048576K

