# JRE version: Java(TM) SE Runtime Environment (8.0_121-b13) (build 1.8.0_121-b13)
# Java VM: Java HotSpot(TM) 64-Bit Server VM (25.121-b13 mixed mode linux-amd64 compressed oops)
Heap:
 PSYoungGen      total 2524672K, used 66382K [0x0000000715580000, 0x00000007c0000000, 0x00000007c0000000)
  eden space 2388480K, 0% used [0x0000000715580000,0x0000000715580000,0x00000007a7200000)
  from space 136192K, 48% used [0x00000007b7b00000,0x00000007bbbd3a08,0x00000007c0000000)
  to   space 203776K, 0% used [0x00000007a7200000,0x00000007a7200000,0x00000007b3900000)
 ParOldGen       total 1388544K, used 1388277K [0x00000005c0000000, 0x0000000614c00000, 0x0000000715580000)
  object space 1388544K, 99% used [0x00000005c0000000,0x0000000614bbd680,0x0000000614c00000)
 Metaspace       used 64150K, capacity 64925K, committed 65024K, reserved 1105920K
  class space    used 9185K, capacity 9373K, committed 9472K, reserved 1048576K
GC Heap History (10 events):
Event: 631,203 GC heap after
Heap after GC invocations=186 (full 9):
 PSYoungGen      total 2657280K, used 125560K [0x0000000715580000, 0x00000007bfd80000, 0x00000007c0000000)
  eden space 2522112K, 0% used [0x0000000715580000,0x0000000715580000,0x00000007af480000)
  from space 135168K, 92% used [0x00000007b7980000,0x00000007bf41e000,0x00000007bfd80000)
  to   space 135680K, 0% used [0x00000007af480000,0x00000007af480000,0x00000007b7900000)
 ParOldGen       total 1388544K, used 1137105K [0x00000005c0000000, 0x0000000614c00000, 0x0000000715580000)
  object space 1388544K, 81% used [0x00000005c0000000,0x0000000605674478,0x0000000614c00000)
 Metaspace       used 64144K, capacity 64925K, committed 65024K, reserved 1105920K
  class space    used 9185K, capacity 9373K, committed 9472K, reserved 1048576K
}
Event: 635,621 GC heap before
{Heap before GC invocations=187 (full 9):
 PSYoungGen      total 2657280K, used 2647672K [0x0000000715580000, 0x00000007bfd80000, 0x00000007c0000000)
  eden space 2522112K, 100% used [0x0000000715580000,0x00000007af480000,0x00000007af480000)
  from space 135168K, 92% used [0x00000007b7980000,0x00000007bf41e000,0x00000007bfd80000)
  to   space 135680K, 0% used [0x00000007af480000,0x00000007af480000,0x00000007b7900000)
 ParOldGen       total 1388544K, used 1137105K [0x00000005c0000000, 0x0000000614c00000, 0x0000000715580000)
  object space 1388544K, 81% used [0x00000005c0000000,0x0000000605674478,0x0000000614c00000)
 Metaspace       used 64144K, capacity 64925K, committed 65024K, reserved 1105920K
  class space    used 9185K, capacity 9373K, committed 9472K, reserved 1048576K
Event: 635,745 GC heap after
Heap after GC invocations=187 (full 9):
 PSYoungGen      total 2657792K, used 123482K [0x0000000715580000, 0x00000007bfe80000, 0x00000007c0000000)
  eden space 2522112K, 0% used [0x0000000715580000,0x0000000715580000,0x00000007af480000)
  from space 135680K, 91% used [0x00000007af480000,0x00000007b6d168f0,0x00000007b7900000)
  to   space 134656K, 0% used [0x00000007b7b00000,0x00000007b7b00000,0x00000007bfe80000)
 ParOldGen       total 1388544K, used 1142973K [0x00000005c0000000, 0x0000000614c00000, 0x0000000715580000)
  object space 1388544K, 82% used [0x00000005c0000000,0x0000000605c2f608,0x0000000614c00000)
 Metaspace       used 64144K, capacity 64925K, committed 65024K, reserved 1105920K
  class space    used 9185K, capacity 9373K, committed 9472K, reserved 1048576K
}
Event: 640,152 GC heap before
{Heap before GC invocations=188 (full 9):
 PSYoungGen      total 2657792K, used 2645594K [0x0000000715580000, 0x00000007bfe80000, 0x00000007c0000000)
  eden space 2522112K, 100% used [0x0000000715580000,0x00000007af480000,0x00000007af480000)
  from space 135680K, 91% used [0x00000007af480000,0x00000007b6d168f0,0x00000007b7900000)
  to   space 134656K, 0% used [0x00000007b7b00000,0x00000007b7b00000,0x00000007bfe80000)
 ParOldGen       total 1388544K, used 1142973K [0x00000005c0000000, 0x0000000614c00000, 0x0000000715580000)
  object space 1388544K, 82% used [0x00000005c0000000,0x0000000605c2f608,0x0000000614c00000)
 Metaspace       used 64148K, capacity 64925K, committed 65024K, reserved 1105920K
  class space    used 9185K, capacity 9373K, committed 9472K, reserved 1048576K
Event: 640,315 GC heap after
Heap after GC invocations=188 (full 9):
 PSYoungGen      total 2659840K, used 123040K [0x0000000715580000, 0x00000007bfe00000, 0x00000007c0000000)
  eden space 2525696K, 0% used [0x0000000715580000,0x0000000715580000,0x00000007af800000)
  from space 134144K, 91% used [0x00000007b7b00000,0x00000007bf3283f0,0x00000007bfe00000)
  to   space 134144K, 0% used [0x00000007af800000,0x00000007af800000,0x00000007b7b00000)
 ParOldGen       total 1388544K, used 1149400K [0x00000005c0000000, 0x0000000614c00000, 0x0000000715580000)
  object space 1388544K, 82% used [0x00000005c0000000,0x00000006062760c0,0x0000000614c00000)
 Metaspace       used 64148K, capacity 64925K, committed 65024K, reserved 1105920K
  class space    used 9185K, capacity 9373K, committed 9472K, reserved 1048576K
}
Event: 645,101 GC heap before
{Heap before GC invocations=189 (full 9):
 PSYoungGen      total 2659840K, used 2648736K [0x0000000715580000, 0x00000007bfe00000, 0x00000007c0000000)
  eden space 2525696K, 100% used [0x0000000715580000,0x00000007af800000,0x00000007af800000)
  from space 134144K, 91% used [0x00000007b7b00000,0x00000007bf3283f0,0x00000007bfe00000)
  to   space 134144K, 0% used [0x00000007af800000,0x00000007af800000,0x00000007b7b00000)
 ParOldGen       total 1388544K, used 1149400K [0x00000005c0000000, 0x0000000614c00000, 0x0000000715580000)
  object space 1388544K, 82% used [0x00000005c0000000,0x00000006062760c0,0x0000000614c00000)
 Metaspace       used 64148K, capacity 64925K, committed 65024K, reserved 1105920K
  class space    used 9185K, capacity 9373K, committed 9472K, reserved 1048576K
Event: 645,278 GC heap after
Heap after GC invocations=189 (full 9):
 PSYoungGen      total 2659840K, used 134123K [0x0000000715580000, 0x00000007c0000000, 0x00000007c0000000)
  eden space 2525696K, 0% used [0x0000000715580000,0x0000000715580000,0x00000007af800000)
  from space 134144K, 99% used [0x00000007af800000,0x00000007b7afae40,0x00000007b7b00000)
  to   space 136192K, 0% used [0x00000007b7b00000,0x00000007b7b00000,0x00000007c0000000)
 ParOldGen       total 1388544K, used 1191722K [0x00000005c0000000, 0x0000000614c00000, 0x0000000715580000)
  object space 1388544K, 85% used [0x00000005c0000000,0x0000000608bcab98,0x0000000614c00000)
 Metaspace       used 64148K, capacity 64925K, committed 65024K, reserved 1105920K
  class space    used 9185K, capacity 9373K, committed 9472K, reserved 1048576K
}
Event: 650,089 GC heap before
{Heap before GC invocations=190 (full 9):
 PSYoungGen      total 2659840K, used 2659819K [0x0000000715580000, 0x00000007c0000000, 0x00000007c0000000)
  eden space 2525696K, 100% used [0x0000000715580000,0x00000007af800000,0x00000007af800000)
  from space 134144K, 99% used [0x00000007af800000,0x00000007b7afae40,0x00000007b7b00000)
  to   space 136192K, 0% used [0x00000007b7b00000,0x00000007b7b00000,0x00000007c0000000)
 ParOldGen       total 1388544K, used 1191722K [0x00000005c0000000, 0x0000000614c00000, 0x0000000715580000)
  object space 1388544K, 85% used [0x00000005c0000000,0x0000000608bcab98,0x0000000614c00000)
 Metaspace       used 64150K, capacity 64925K, committed 65024K, reserved 1105920K
  class space    used 9185K, capacity 9373K, committed 9472K, reserved 1048576K
Event: 650,306 GC heap after
Heap after GC invocations=190 (full 9):
 PSYoungGen      total 2524672K, used 136167K [0x0000000715580000, 0x00000007c0000000, 0x00000007c0000000)
  eden space 2388480K, 0% used [0x0000000715580000,0x0000000715580000,0x00000007a7200000)
  from space 136192K, 99% used [0x00000007b7b00000,0x00000007bfff9c30,0x00000007c0000000)
  to   space 203776K, 0% used [0x00000007a7200000,0x00000007a7200000,0x00000007b3900000)
 ParOldGen       total 1388544K, used 1330870K [0x00000005c0000000, 0x0000000614c00000, 0x0000000715580000)
  object space 1388544K, 95% used [0x00000005c0000000,0x00000006113ad8e8,0x0000000614c00000)
 Metaspace       used 64150K, capacity 64925K, committed 65024K, reserved 1105920K
  class space    used 9185K, capacity 9373K, committed 9472K, reserved 1048576K
}
Event: 650,306 GC heap before
{Heap before GC invocations=191 (full 10):
 PSYoungGen      total 2524672K, used 136167K [0x0000000715580000, 0x00000007c0000000, 0x00000007c0000000)
  eden space 2388480K, 0% used [0x0000000715580000,0x0000000715580000,0x00000007a7200000)
  from space 136192K, 99% used [0x00000007b7b00000,0x00000007bfff9c30,0x00000007c0000000)
  to   space 203776K, 0% used [0x00000007a7200000,0x00000007a7200000,0x00000007b3900000)
 ParOldGen       total 1388544K, used 1330870K [0x00000005c0000000, 0x0000000614c00000, 0x0000000715580000)
  object space 1388544K, 95% used [0x00000005c0000000,0x00000006113ad8e8,0x0000000614c00000)
 Metaspace       used 64150K, capacity 64925K, committed 65024K, reserved 1105920K
  class space    used 9185K, capacity 9373K, committed 9472K, reserved 1048576K

